<?xml version="1.0" encoding="UTF-8"?>
<!-- Generated by org.testng.reporters.JUnitReportReporter -->
<testsuite hostname="DESKTOP-A0OUKA8" failures="0" tests="1" name="Illustartion.Chrome2" time="26.441" errors="0" timestamp="16 Oct 2024 03:35:57 GMT">
  <testcase classname="Illustartion.Chrome2" name="authenticate1" time="26.441"/>
</testsuite> <!-- Illustartion.Chrome2 -->
