<?xml version="1.0" encoding="UTF-8"?>
<!-- Generated by org.testng.reporters.JUnitReportReporter -->
<testsuite hostname="DESKTOP-A0OUKA8" failures="0" tests="1" name="Illustartion.Firefox2" time="40.706" errors="0" timestamp="16 Oct 2024 03:35:57 GMT">
  <testcase classname="Illustartion.Firefox2" name="authenticate6" time="40.706"/>
</testsuite> <!-- Illustartion.Firefox2 -->
