<?xml version="1.0" encoding="UTF-8"?>
<!-- Generated by org.testng.reporters.JUnitReportReporter -->
<testsuite hostname="DESKTOP-A0OUKA8" failures="0" tests="1" name="Illustartion.Edge2" time="34.551" errors="0" timestamp="16 Oct 2024 03:35:57 GMT">
  <testcase classname="Illustartion.Edge2" name="authenticate5" time="34.551"/>
</testsuite> <!-- Illustartion.Edge2 -->
